{"name":"El usuario externo realiza la solicitud de una cedula que ya tiene usuario, pero cuando le pregunta que si desea realizar la solicitud le dice “No”, le debe mostrar el mensaje y borrar la identificación.","status":"broken","statusDetails":{"known":false,"muted":false,"flaky":false,"message":"no such element: Unable to locate element: {\"method\":\"xpath\",\"selector\":\"/html/body/div[1]/main/div/div/div[2]/form/section[3]/div/div/table/tbody/tr[1]/td[2]/div/i\"}\n  (Session info: chrome=106.0.5249.121)\nFor documentation on this error, please visit: https://www.seleniumhq.org/exceptions/no_such_element.html\nBuild info: version: '3.141.59', revision: 'e82be7d358', time: '2018-11-14T08:17:03'\nSystem info: host: 'PE-HO-274', ip: '192.168.247.194', os.name: 'Windows 10', os.arch: 'amd64', os.version: '10.0', java.version: '18.0.1.1'\nDriver info: org.openqa.selenium.chrome.ChromeDriver\nCapabilities {acceptInsecureCerts: false, browserName: chrome, browserVersion: 106.0.5249.121, chrome: {chromedriverVersion: 106.0.5249.61 (511755355844..., userDataDir: C:\\Users\\CRISTI~1\\AppData\\L...}, goog:chromeOptions: {debuggerAddress: localhost:63148}, javascriptEnabled: true, networkConnectionEnabled: false, pageLoadStrategy: normal, platform: WINDOWS, platformName: WINDOWS, proxy: Proxy(), setWindowRect: true, strictFileInteractability: false, timeouts: {implicit: 0, pageLoad: 300000, script: 30000}, unhandledPromptBehavior: dismiss and notify, webauthn:extension:credBlob: true, webauthn:extension:largeBlob: true, webauthn:virtualAuthenticators: true}\nSession ID: 2228588c28139b4f6cd9753b03ac71ce\n*** Element info: {Using=xpath, value=/html/body/div[1]/main/div/div/div[2]/form/section[3]/div/div/table/tbody/tr[1]/td[2]/div/i}","trace":"org.openqa.selenium.NoSuchElementException: no such element: Unable to locate element: {\"method\":\"xpath\",\"selector\":\"/html/body/div[1]/main/div/div/div[2]/form/section[3]/div/div/table/tbody/tr[1]/td[2]/div/i\"}\n  (Session info: chrome=106.0.5249.121)\nFor documentation on this error, please visit: https://www.seleniumhq.org/exceptions/no_such_element.html\nBuild info: version: '3.141.59', revision: 'e82be7d358', time: '2018-11-14T08:17:03'\nSystem info: host: 'PE-HO-274', ip: '192.168.247.194', os.name: 'Windows 10', os.arch: 'amd64', os.version: '10.0', java.version: '18.0.1.1'\nDriver info: org.openqa.selenium.chrome.ChromeDriver\nCapabilities {acceptInsecureCerts: false, browserName: chrome, browserVersion: 106.0.5249.121, chrome: {chromedriverVersion: 106.0.5249.61 (511755355844..., userDataDir: C:\\Users\\CRISTI~1\\AppData\\L...}, goog:chromeOptions: {debuggerAddress: localhost:63148}, javascriptEnabled: true, networkConnectionEnabled: false, pageLoadStrategy: normal, platform: WINDOWS, platformName: WINDOWS, proxy: Proxy(), setWindowRect: true, strictFileInteractability: false, timeouts: {implicit: 0, pageLoad: 300000, script: 30000}, unhandledPromptBehavior: dismiss and notify, webauthn:extension:credBlob: true, webauthn:extension:largeBlob: true, webauthn:virtualAuthenticators: true}\nSession ID: 2228588c28139b4f6cd9753b03ac71ce\n*** Element info: {Using=xpath, value=/html/body/div[1]/main/div/div/div[2]/form/section[3]/div/div/table/tbody/tr[1]/td[2]/div/i}\r\n\tat java.base/jdk.internal.reflect.DirectConstructorHandleAccessor.newInstance(DirectConstructorHandleAccessor.java:67)\r\n\tat java.base/java.lang.reflect.Constructor.newInstanceWithCaller(Constructor.java:499)\r\n\tat java.base/java.lang.reflect.Constructor.newInstance(Constructor.java:483)\r\n\tat org.openqa.selenium.remote.http.W3CHttpResponseCodec.createException(W3CHttpResponseCodec.java:187)\r\n\tat org.openqa.selenium.remote.http.W3CHttpResponseCodec.decode(W3CHttpResponseCodec.java:122)\r\n\tat org.openqa.selenium.remote.http.W3CHttpResponseCodec.decode(W3CHttpResponseCodec.java:49)\r\n\tat org.openqa.selenium.remote.HttpCommandExecutor.execute(HttpCommandExecutor.java:158)\r\n\tat org.openqa.selenium.remote.service.DriverCommandExecutor.execute(DriverCommandExecutor.java:83)\r\n\tat org.openqa.selenium.remote.RemoteWebDriver.execute(RemoteWebDriver.java:552)\r\n\tat org.openqa.selenium.remote.RemoteWebDriver.findElement(RemoteWebDriver.java:323)\r\n\tat org.openqa.selenium.remote.RemoteWebDriver.findElementByXPath(RemoteWebDriver.java:428)\r\n\tat org.openqa.selenium.By$ByXPath.findElement(By.java:353)\r\n\tat org.openqa.selenium.remote.RemoteWebDriver.findElement(RemoteWebDriver.java:315)\r\n\tat PagObject_demoautomatizacion.BasePage.getElement(BasePage.java:849)\r\n\tat PagObject_AdministracionSolicitudesNuevas.CreacionSolicitudPage.CancelacionCreciona(CreacionSolicitudPage.java:150)\r\n\tat com.AdministracionSolicitudesNuevos.test.CreacionSolicitudTest.CancelarCreacion(CreacionSolicitudTest.java:89)\r\n\tat java.base/jdk.internal.reflect.DirectMethodHandleAccessor.invoke(DirectMethodHandleAccessor.java:104)\r\n\tat java.base/java.lang.reflect.Method.invoke(Method.java:577)\r\n\tat org.testng.internal.MethodInvocationHelper.invokeMethod(MethodInvocationHelper.java:124)\r\n\tat org.testng.internal.Invoker.invokeMethod(Invoker.java:583)\r\n\tat org.testng.internal.Invoker.invokeTestMethod(Invoker.java:719)\r\n\tat org.testng.internal.Invoker.invokeTestMethods(Invoker.java:989)\r\n\tat org.testng.internal.TestMethodWorker.invokeTestMethods(TestMethodWorker.java:125)\r\n\tat org.testng.internal.TestMethodWorker.run(TestMethodWorker.java:109)\r\n\tat org.testng.TestRunner.privateRun(TestRunner.java:648)\r\n\tat org.testng.TestRunner.run(TestRunner.java:505)\r\n\tat org.testng.SuiteRunner.runTest(SuiteRunner.java:455)\r\n\tat org.testng.SuiteRunner.runSequentially(SuiteRunner.java:450)\r\n\tat org.testng.SuiteRunner.privateRun(SuiteRunner.java:415)\r\n\tat org.testng.SuiteRunner.run(SuiteRunner.java:364)\r\n\tat org.testng.SuiteRunnerWorker.runSuite(SuiteRunnerWorker.java:52)\r\n\tat org.testng.SuiteRunnerWorker.run(SuiteRunnerWorker.java:84)\r\n\tat org.testng.TestNG.runSuitesSequentially(TestNG.java:1208)\r\n\tat org.testng.TestNG.runSuitesLocally(TestNG.java:1137)\r\n\tat org.testng.TestNG.runSuites(TestNG.java:1049)\r\n\tat org.testng.TestNG.run(TestNG.java:1017)\r\n\tat org.testng.remote.AbstractRemoteTestNG.run(AbstractRemoteTestNG.java:115)\r\n\tat org.testng.remote.RemoteTestNG.initAndRun(RemoteTestNG.java:251)\r\n\tat org.testng.remote.RemoteTestNG.main(RemoteTestNG.java:77)\r\n"},"stage":"finished","description":"El usuario externo realiza la solicitud de una cedula que ya tiene usuario, pero cuando le pregunta que si desea realizar la solicitud le dice “No”, le debe mostrar el mensaje y borrar la identificación.","steps":[{"name":"Abrir Portal Fedepalma. Url http://172.168.10.46:10091/","status":"passed","stage":"finished","steps":[],"attachments":[],"parameters":[{"name":"url","value":"http://172.168.10.46:10091/"}],"start":1667336709685,"stop":1667336711423},{"name":"Ingresar Credenciales de Acceso","status":"passed","stage":"finished","steps":[],"attachments":[],"parameters":[{"name":"nit","value":"819004712"},{"name":"usr","value":"ivvelandia"},{"name":"pwd","value":"Fedepalma15"},{"name":"folderPath","value":".\\src\\test\\resources\\evidence\\CancelarCreacion 2022-11-01"},{"name":"Evidencia","value":"SI"}],"start":1667336711426,"stop":1667336745935},{"name":"Selecionar menu","status":"passed","stage":"finished","steps":[],"attachments":[],"parameters":[{"name":"folderPath","value":".\\src\\test\\resources\\evidence\\CancelarCreacion 2022-11-01"},{"name":"Evidencia","value":"SI"}],"start":1667336745940,"stop":1667336760933},{"name":"Crear Solicitud","status":"passed","stage":"finished","steps":[],"attachments":[],"parameters":[{"name":"folderPath","value":".\\src\\test\\resources\\evidence\\CancelarCreacion 2022-11-01"},{"name":"Evidencia","value":"SI"}],"start":1667336760934,"stop":1667336774335},{"name":"Ingresar Identificacion","status":"passed","stage":"finished","steps":[],"attachments":[],"parameters":[{"name":"folderPath","value":".\\src\\test\\resources\\evidence\\CancelarCreacion 2022-11-01"},{"name":"Id","value":"60351917"},{"name":"Evidencia","value":"SI"}],"start":1667336774336,"stop":1667336785886},{"name":"Cancelar Creacion","status":"passed","stage":"finished","steps":[],"attachments":[],"parameters":[{"name":"folderPath","value":".\\src\\test\\resources\\evidence\\CancelarCreacion 2022-11-01"},{"name":"Evidencia","value":"SI"}],"start":1667336785888,"stop":1667336794392},{"name":"Confirmacion de cancelacion de la creacion","status":"broken","statusDetails":{"known":false,"muted":false,"flaky":false,"message":"no such element: Unable to locate element: {\"method\":\"xpath\",\"selector\":\"/html/body/div[1]/main/div/div/div[2]/form/section[3]/div/div/table/tbody/tr[1]/td[2]/div/i\"}\n  (Session info: chrome=106.0.5249.121)\nFor documentation on this error, please visit: https://www.seleniumhq.org/exceptions/no_such_element.html\nBuild info: version: '3.141.59', revision: 'e82be7d358', time: '2018-11-14T08:17:03'\nSystem info: host: 'PE-HO-274', ip: '192.168.247.194', os.name: 'Windows 10', os.arch: 'amd64', os.version: '10.0', java.version: '18.0.1.1'\nDriver info: org.openqa.selenium.chrome.ChromeDriver\nCapabilities {acceptInsecureCerts: false, browserName: chrome, browserVersion: 106.0.5249.121, chrome: {chromedriverVersion: 106.0.5249.61 (511755355844..., userDataDir: C:\\Users\\CRISTI~1\\AppData\\L...}, goog:chromeOptions: {debuggerAddress: localhost:63148}, javascriptEnabled: true, networkConnectionEnabled: false, pageLoadStrategy: normal, platform: WINDOWS, platformName: WINDOWS, proxy: Proxy(), setWindowRect: true, strictFileInteractability: false, timeouts: {implicit: 0, pageLoad: 300000, script: 30000}, unhandledPromptBehavior: dismiss and notify, webauthn:extension:credBlob: true, webauthn:extension:largeBlob: true, webauthn:virtualAuthenticators: true}\nSession ID: 2228588c28139b4f6cd9753b03ac71ce\n*** Element info: {Using=xpath, value=/html/body/div[1]/main/div/div/div[2]/form/section[3]/div/div/table/tbody/tr[1]/td[2]/div/i}","trace":"org.openqa.selenium.NoSuchElementException: no such element: Unable to locate element: {\"method\":\"xpath\",\"selector\":\"/html/body/div[1]/main/div/div/div[2]/form/section[3]/div/div/table/tbody/tr[1]/td[2]/div/i\"}\n  (Session info: chrome=106.0.5249.121)\nFor documentation on this error, please visit: https://www.seleniumhq.org/exceptions/no_such_element.html\nBuild info: version: '3.141.59', revision: 'e82be7d358', time: '2018-11-14T08:17:03'\nSystem info: host: 'PE-HO-274', ip: '192.168.247.194', os.name: 'Windows 10', os.arch: 'amd64', os.version: '10.0', java.version: '18.0.1.1'\nDriver info: org.openqa.selenium.chrome.ChromeDriver\nCapabilities {acceptInsecureCerts: false, browserName: chrome, browserVersion: 106.0.5249.121, chrome: {chromedriverVersion: 106.0.5249.61 (511755355844..., userDataDir: C:\\Users\\CRISTI~1\\AppData\\L...}, goog:chromeOptions: {debuggerAddress: localhost:63148}, javascriptEnabled: true, networkConnectionEnabled: false, pageLoadStrategy: normal, platform: WINDOWS, platformName: WINDOWS, proxy: Proxy(), setWindowRect: true, strictFileInteractability: false, timeouts: {implicit: 0, pageLoad: 300000, script: 30000}, unhandledPromptBehavior: dismiss and notify, webauthn:extension:credBlob: true, webauthn:extension:largeBlob: true, webauthn:virtualAuthenticators: true}\nSession ID: 2228588c28139b4f6cd9753b03ac71ce\n*** Element info: {Using=xpath, value=/html/body/div[1]/main/div/div/div[2]/form/section[3]/div/div/table/tbody/tr[1]/td[2]/div/i}\r\n\tat java.base/jdk.internal.reflect.DirectConstructorHandleAccessor.newInstance(DirectConstructorHandleAccessor.java:67)\r\n\tat java.base/java.lang.reflect.Constructor.newInstanceWithCaller(Constructor.java:499)\r\n\tat java.base/java.lang.reflect.Constructor.newInstance(Constructor.java:483)\r\n\tat org.openqa.selenium.remote.http.W3CHttpResponseCodec.createException(W3CHttpResponseCodec.java:187)\r\n\tat org.openqa.selenium.remote.http.W3CHttpResponseCodec.decode(W3CHttpResponseCodec.java:122)\r\n\tat org.openqa.selenium.remote.http.W3CHttpResponseCodec.decode(W3CHttpResponseCodec.java:49)\r\n\tat org.openqa.selenium.remote.HttpCommandExecutor.execute(HttpCommandExecutor.java:158)\r\n\tat org.openqa.selenium.remote.service.DriverCommandExecutor.execute(DriverCommandExecutor.java:83)\r\n\tat org.openqa.selenium.remote.RemoteWebDriver.execute(RemoteWebDriver.java:552)\r\n\tat org.openqa.selenium.remote.RemoteWebDriver.findElement(RemoteWebDriver.java:323)\r\n\tat org.openqa.selenium.remote.RemoteWebDriver.findElementByXPath(RemoteWebDriver.java:428)\r\n\tat org.openqa.selenium.By$ByXPath.findElement(By.java:353)\r\n\tat org.openqa.selenium.remote.RemoteWebDriver.findElement(RemoteWebDriver.java:315)\r\n\tat PagObject_demoautomatizacion.BasePage.getElement(BasePage.java:849)\r\n\tat PagObject_AdministracionSolicitudesNuevas.CreacionSolicitudPage.CancelacionCreciona(CreacionSolicitudPage.java:150)\r\n\tat com.AdministracionSolicitudesNuevos.test.CreacionSolicitudTest.CancelarCreacion(CreacionSolicitudTest.java:89)\r\n\tat java.base/jdk.internal.reflect.DirectMethodHandleAccessor.invoke(DirectMethodHandleAccessor.java:104)\r\n\tat java.base/java.lang.reflect.Method.invoke(Method.java:577)\r\n\tat org.testng.internal.MethodInvocationHelper.invokeMethod(MethodInvocationHelper.java:124)\r\n\tat org.testng.internal.Invoker.invokeMethod(Invoker.java:583)\r\n\tat org.testng.internal.Invoker.invokeTestMethod(Invoker.java:719)\r\n\tat org.testng.internal.Invoker.invokeTestMethods(Invoker.java:989)\r\n\tat org.testng.internal.TestMethodWorker.invokeTestMethods(TestMethodWorker.java:125)\r\n\tat org.testng.internal.TestMethodWorker.run(TestMethodWorker.java:109)\r\n\tat org.testng.TestRunner.privateRun(TestRunner.java:648)\r\n\tat org.testng.TestRunner.run(TestRunner.java:505)\r\n\tat org.testng.SuiteRunner.runTest(SuiteRunner.java:455)\r\n\tat org.testng.SuiteRunner.runSequentially(SuiteRunner.java:450)\r\n\tat org.testng.SuiteRunner.privateRun(SuiteRunner.java:415)\r\n\tat org.testng.SuiteRunner.run(SuiteRunner.java:364)\r\n\tat org.testng.SuiteRunnerWorker.runSuite(SuiteRunnerWorker.java:52)\r\n\tat org.testng.SuiteRunnerWorker.run(SuiteRunnerWorker.java:84)\r\n\tat org.testng.TestNG.runSuitesSequentially(TestNG.java:1208)\r\n\tat org.testng.TestNG.runSuitesLocally(TestNG.java:1137)\r\n\tat org.testng.TestNG.runSuites(TestNG.java:1049)\r\n\tat org.testng.TestNG.run(TestNG.java:1017)\r\n\tat org.testng.remote.AbstractRemoteTestNG.run(AbstractRemoteTestNG.java:115)\r\n\tat org.testng.remote.RemoteTestNG.initAndRun(RemoteTestNG.java:251)\r\n\tat org.testng.remote.RemoteTestNG.main(RemoteTestNG.java:77)\r\n"},"stage":"finished","steps":[],"attachments":[],"parameters":[{"name":"folderPath","value":".\\src\\test\\resources\\evidence\\CancelarCreacion 2022-11-01"},{"name":"resultado","value":"No se creó la solicitud"},{"name":"Evidencia","value":"SI"}],"start":1667336794393,"stop":1667336797558}],"attachments":[{"name":"Error Encontrado","source":"595e8406-652c-4c74-a967-6dae386a1e83-attachment","type":"image/png"}],"parameters":[],"start":1667336708315,"stop":1667336797974,"uuid":"3d5eb417-f29f-4044-a5cf-3df070e4e159","historyId":"1bfe096eccbbdeac21080e0c81261edb","fullName":"com.AdministracionSolicitudesNuevos.test.CreacionSolicitudTest.CancelarCreacion","labels":[{"name":"package","value":"com.AdministracionSolicitudesNuevos.test.CreacionSolicitudTest"},{"name":"testClass","value":"com.AdministracionSolicitudesNuevos.test.CreacionSolicitudTest"},{"name":"testMethod","value":"CancelarCreacion"},{"name":"parentSuite","value":"Default suite"},{"name":"suite","value":"Default test"},{"name":"subSuite","value":"com.AdministracionSolicitudesNuevos.test.CreacionSolicitudTest"},{"name":"host","value":"PE-HO-274"},{"name":"thread","value":"10988@PE-HO-274.main(1)"},{"name":"framework","value":"testng"},{"name":"language","value":"java"},{"name":"story","value":"Cancelar Creacion"},{"name":"epic","value":"Creacion en Usuarios Externo"},{"name":"feature","value":"Creacion en Usuarios Externo Test"},{"name":"severity","value":"normal"}],"links":[{"name":"XRPRJ-1","type":"tms"}]}