{"name":"Validar Filtro Dias en proceso Portal Fedepalma","status":"broken","statusDetails":{"known":false,"muted":false,"flaky":false,"message":"Expected condition failed: waiting for visibility of element located by By.xpath: //option[contains(text(),'Comienza en')] (tried for 20 second(s) with 500 milliseconds interval)\nBuild info: version: '3.141.59', revision: 'e82be7d358', time: '2018-11-14T08:17:03'\nSystem info: host: 'PE-HO-274', ip: '192.168.247.202', os.name: 'Windows 10', os.arch: 'amd64', os.version: '10.0', java.version: '18.0.1.1'\nDriver info: org.openqa.selenium.chrome.ChromeDriver\nCapabilities {acceptInsecureCerts: false, browserName: chrome, browserVersion: 105.0.5195.127, chrome: {chromedriverVersion: 105.0.5195.52 (412c95e51883..., userDataDir: C:\\Users\\CRISTI~1\\AppData\\L...}, goog:chromeOptions: {debuggerAddress: localhost:49446}, javascriptEnabled: true, networkConnectionEnabled: false, pageLoadStrategy: normal, platform: WINDOWS, platformName: WINDOWS, proxy: Proxy(), setWindowRect: true, strictFileInteractability: false, timeouts: {implicit: 0, pageLoad: 300000, script: 30000}, unhandledPromptBehavior: dismiss and notify, webauthn:extension:credBlob: true, webauthn:extension:largeBlob: true, webauthn:virtualAuthenticators: true}\nSession ID: 8f2b562f720c87120e4ef13e1cec6662","trace":"org.openqa.selenium.TimeoutException: Expected condition failed: waiting for visibility of element located by By.xpath: //option[contains(text(),'Comienza en')] (tried for 20 second(s) with 500 milliseconds interval)\nBuild info: version: '3.141.59', revision: 'e82be7d358', time: '2018-11-14T08:17:03'\nSystem info: host: 'PE-HO-274', ip: '192.168.247.202', os.name: 'Windows 10', os.arch: 'amd64', os.version: '10.0', java.version: '18.0.1.1'\nDriver info: org.openqa.selenium.chrome.ChromeDriver\nCapabilities {acceptInsecureCerts: false, browserName: chrome, browserVersion: 105.0.5195.127, chrome: {chromedriverVersion: 105.0.5195.52 (412c95e51883..., userDataDir: C:\\Users\\CRISTI~1\\AppData\\L...}, goog:chromeOptions: {debuggerAddress: localhost:49446}, javascriptEnabled: true, networkConnectionEnabled: false, pageLoadStrategy: normal, platform: WINDOWS, platformName: WINDOWS, proxy: Proxy(), setWindowRect: true, strictFileInteractability: false, timeouts: {implicit: 0, pageLoad: 300000, script: 30000}, unhandledPromptBehavior: dismiss and notify, webauthn:extension:credBlob: true, webauthn:extension:largeBlob: true, webauthn:virtualAuthenticators: true}\nSession ID: 8f2b562f720c87120e4ef13e1cec6662\r\n\tat org.openqa.selenium.support.ui.WebDriverWait.timeoutException(WebDriverWait.java:95)\r\n\tat org.openqa.selenium.support.ui.FluentWait.until(FluentWait.java:272)\r\n\tat PagObject_demoautomatizacion.BasePage.visibilityOfElementLocated(BasePage.java:118)\r\n\tat PagObject_demoautomatizacion.BasePage.selectElementList(BasePage.java:302)\r\n\tat PagObject_RevisionesRYP.FiltrosDiasEnProcesoPage.ValidarFiltroDiasP(FiltrosDiasEnProcesoPage.java:30)\r\n\tat com.RevicionesRYP.test.FiltrosDiasEnProcesoTest.ValidarFiltroDiasPPortalFedepalma(FiltrosDiasEnProcesoTest.java:62)\r\n\tat java.base/jdk.internal.reflect.DirectMethodHandleAccessor.invoke(DirectMethodHandleAccessor.java:104)\r\n\tat java.base/java.lang.reflect.Method.invoke(Method.java:577)\r\n\tat org.testng.internal.MethodInvocationHelper.invokeMethod(MethodInvocationHelper.java:124)\r\n\tat org.testng.internal.Invoker.invokeMethod(Invoker.java:583)\r\n\tat org.testng.internal.Invoker.invokeTestMethod(Invoker.java:719)\r\n\tat org.testng.internal.Invoker.invokeTestMethods(Invoker.java:989)\r\n\tat org.testng.internal.TestMethodWorker.invokeTestMethods(TestMethodWorker.java:125)\r\n\tat org.testng.internal.TestMethodWorker.run(TestMethodWorker.java:109)\r\n\tat org.testng.TestRunner.privateRun(TestRunner.java:648)\r\n\tat org.testng.TestRunner.run(TestRunner.java:505)\r\n\tat org.testng.SuiteRunner.runTest(SuiteRunner.java:455)\r\n\tat org.testng.SuiteRunner.runSequentially(SuiteRunner.java:450)\r\n\tat org.testng.SuiteRunner.privateRun(SuiteRunner.java:415)\r\n\tat org.testng.SuiteRunner.run(SuiteRunner.java:364)\r\n\tat org.testng.SuiteRunnerWorker.runSuite(SuiteRunnerWorker.java:52)\r\n\tat org.testng.SuiteRunnerWorker.run(SuiteRunnerWorker.java:84)\r\n\tat org.testng.TestNG.runSuitesSequentially(TestNG.java:1208)\r\n\tat org.testng.TestNG.runSuitesLocally(TestNG.java:1137)\r\n\tat org.testng.TestNG.runSuites(TestNG.java:1049)\r\n\tat org.testng.TestNG.run(TestNG.java:1017)\r\n\tat org.testng.remote.AbstractRemoteTestNG.run(AbstractRemoteTestNG.java:115)\r\n\tat org.testng.remote.RemoteTestNG.initAndRun(RemoteTestNG.java:251)\r\n\tat org.testng.remote.RemoteTestNG.main(RemoteTestNG.java:77)\r\n"},"stage":"finished","description":"Validar Filtro Dias en proceso Portal Fedepalma","steps":[{"name":"Abrir Portal Fedepalma. Url http://172.168.10.46:10091/","status":"passed","stage":"finished","steps":[],"attachments":[],"parameters":[{"name":"url","value":"http://172.168.10.46:10091/"}],"start":1665001811830,"stop":1665001817599},{"name":"Ingresar Credenciales de Acceso","status":"passed","stage":"finished","steps":[],"attachments":[{"name":"Screenshot","source":"7376ba94-966e-4b1e-b3b6-7b1d23389020-attachment","type":"image/png"}],"parameters":[{"name":"usuario","value":"periferia"},{"name":"password","value":"Fedepalma23"},{"name":"folderPath","value":"null"},{"name":"Evidencia","value":"NO"}],"start":1665001817601,"stop":1665001834191},{"name":"Iniciar Menu RYP","status":"passed","stage":"finished","steps":[],"attachments":[],"parameters":[{"name":"folderPath","value":"null"},{"name":"Evidencia","value":"NO"}],"start":1665001834192,"stop":1665001949699},{"name":"Observar Validaciones de Filtro Dias en Proceso","status":"broken","statusDetails":{"known":false,"muted":false,"flaky":false,"message":"Expected condition failed: waiting for visibility of element located by By.xpath: //option[contains(text(),'Comienza en')] (tried for 20 second(s) with 500 milliseconds interval)\nBuild info: version: '3.141.59', revision: 'e82be7d358', time: '2018-11-14T08:17:03'\nSystem info: host: 'PE-HO-274', ip: '192.168.247.202', os.name: 'Windows 10', os.arch: 'amd64', os.version: '10.0', java.version: '18.0.1.1'\nDriver info: org.openqa.selenium.chrome.ChromeDriver\nCapabilities {acceptInsecureCerts: false, browserName: chrome, browserVersion: 105.0.5195.127, chrome: {chromedriverVersion: 105.0.5195.52 (412c95e51883..., userDataDir: C:\\Users\\CRISTI~1\\AppData\\L...}, goog:chromeOptions: {debuggerAddress: localhost:49446}, javascriptEnabled: true, networkConnectionEnabled: false, pageLoadStrategy: normal, platform: WINDOWS, platformName: WINDOWS, proxy: Proxy(), setWindowRect: true, strictFileInteractability: false, timeouts: {implicit: 0, pageLoad: 300000, script: 30000}, unhandledPromptBehavior: dismiss and notify, webauthn:extension:credBlob: true, webauthn:extension:largeBlob: true, webauthn:virtualAuthenticators: true}\nSession ID: 8f2b562f720c87120e4ef13e1cec6662","trace":"org.openqa.selenium.TimeoutException: Expected condition failed: waiting for visibility of element located by By.xpath: //option[contains(text(),'Comienza en')] (tried for 20 second(s) with 500 milliseconds interval)\nBuild info: version: '3.141.59', revision: 'e82be7d358', time: '2018-11-14T08:17:03'\nSystem info: host: 'PE-HO-274', ip: '192.168.247.202', os.name: 'Windows 10', os.arch: 'amd64', os.version: '10.0', java.version: '18.0.1.1'\nDriver info: org.openqa.selenium.chrome.ChromeDriver\nCapabilities {acceptInsecureCerts: false, browserName: chrome, browserVersion: 105.0.5195.127, chrome: {chromedriverVersion: 105.0.5195.52 (412c95e51883..., userDataDir: C:\\Users\\CRISTI~1\\AppData\\L...}, goog:chromeOptions: {debuggerAddress: localhost:49446}, javascriptEnabled: true, networkConnectionEnabled: false, pageLoadStrategy: normal, platform: WINDOWS, platformName: WINDOWS, proxy: Proxy(), setWindowRect: true, strictFileInteractability: false, timeouts: {implicit: 0, pageLoad: 300000, script: 30000}, unhandledPromptBehavior: dismiss and notify, webauthn:extension:credBlob: true, webauthn:extension:largeBlob: true, webauthn:virtualAuthenticators: true}\nSession ID: 8f2b562f720c87120e4ef13e1cec6662\r\n\tat org.openqa.selenium.support.ui.WebDriverWait.timeoutException(WebDriverWait.java:95)\r\n\tat org.openqa.selenium.support.ui.FluentWait.until(FluentWait.java:272)\r\n\tat PagObject_demoautomatizacion.BasePage.visibilityOfElementLocated(BasePage.java:118)\r\n\tat PagObject_demoautomatizacion.BasePage.selectElementList(BasePage.java:302)\r\n\tat PagObject_RevisionesRYP.FiltrosDiasEnProcesoPage.ValidarFiltroDiasP(FiltrosDiasEnProcesoPage.java:30)\r\n\tat com.RevicionesRYP.test.FiltrosDiasEnProcesoTest.ValidarFiltroDiasPPortalFedepalma(FiltrosDiasEnProcesoTest.java:62)\r\n\tat java.base/jdk.internal.reflect.DirectMethodHandleAccessor.invoke(DirectMethodHandleAccessor.java:104)\r\n\tat java.base/java.lang.reflect.Method.invoke(Method.java:577)\r\n\tat org.testng.internal.MethodInvocationHelper.invokeMethod(MethodInvocationHelper.java:124)\r\n\tat org.testng.internal.Invoker.invokeMethod(Invoker.java:583)\r\n\tat org.testng.internal.Invoker.invokeTestMethod(Invoker.java:719)\r\n\tat org.testng.internal.Invoker.invokeTestMethods(Invoker.java:989)\r\n\tat org.testng.internal.TestMethodWorker.invokeTestMethods(TestMethodWorker.java:125)\r\n\tat org.testng.internal.TestMethodWorker.run(TestMethodWorker.java:109)\r\n\tat org.testng.TestRunner.privateRun(TestRunner.java:648)\r\n\tat org.testng.TestRunner.run(TestRunner.java:505)\r\n\tat org.testng.SuiteRunner.runTest(SuiteRunner.java:455)\r\n\tat org.testng.SuiteRunner.runSequentially(SuiteRunner.java:450)\r\n\tat org.testng.SuiteRunner.privateRun(SuiteRunner.java:415)\r\n\tat org.testng.SuiteRunner.run(SuiteRunner.java:364)\r\n\tat org.testng.SuiteRunnerWorker.runSuite(SuiteRunnerWorker.java:52)\r\n\tat org.testng.SuiteRunnerWorker.run(SuiteRunnerWorker.java:84)\r\n\tat org.testng.TestNG.runSuitesSequentially(TestNG.java:1208)\r\n\tat org.testng.TestNG.runSuitesLocally(TestNG.java:1137)\r\n\tat org.testng.TestNG.runSuites(TestNG.java:1049)\r\n\tat org.testng.TestNG.run(TestNG.java:1017)\r\n\tat org.testng.remote.AbstractRemoteTestNG.run(AbstractRemoteTestNG.java:115)\r\n\tat org.testng.remote.RemoteTestNG.initAndRun(RemoteTestNG.java:251)\r\n\tat org.testng.remote.RemoteTestNG.main(RemoteTestNG.java:77)\r\n"},"stage":"finished","steps":[],"attachments":[],"parameters":[{"name":"Kg","value":"1"},{"name":"folderPath","value":"null"},{"name":"Evidencia","value":"NO"}],"start":1665001949700,"stop":1665001990070}],"attachments":[{"name":"Error Encontrado","source":"ff2c6a6e-8bb8-49e6-ad90-8fe29fffa219-attachment","type":"image/png"}],"parameters":[],"start":1665001811616,"stop":1665001990351,"uuid":"679f9ee3-ec34-4e8b-8686-f3e0adc57668","historyId":"7861528ff31d07905a827a50ab5b5b7f","fullName":"com.RevicionesRYP.test.FiltrosDiasEnProcesoTest.ValidarFiltroDiasPPortalFedepalma","labels":[{"name":"package","value":"com.RevicionesRYP.test.FiltrosDiasEnProcesoTest"},{"name":"testClass","value":"com.RevicionesRYP.test.FiltrosDiasEnProcesoTest"},{"name":"testMethod","value":"ValidarFiltroDiasPPortalFedepalma"},{"name":"parentSuite","value":"Default suite"},{"name":"suite","value":"Default test"},{"name":"subSuite","value":"com.RevicionesRYP.test.FiltrosDiasEnProcesoTest"},{"name":"host","value":"PE-HO-274"},{"name":"thread","value":"24264@PE-HO-274.main(1)"},{"name":"framework","value":"testng"},{"name":"language","value":"java"},{"name":"story","value":"Validar Filtro Dias en proceso"},{"name":"feature","value":"Validar Filtro Dias en proceso Test"},{"name":"epic","value":"Validar Filtro Dias en proceso"},{"name":"severity","value":"normal"}],"links":[{"name":"XRPRJ-1","type":"tms"}]}