{"name":"Los que tengan el permiso deben funcionar en todas las opciones normalmente.","status":"broken","statusDetails":{"known":false,"muted":false,"flaky":false,"message":"no such element: Unable to locate element: {\"method\":\"xpath\",\"selector\":\"/html/body/div[1]/main/div/div/div[2]/form/section[3]/div/div/div/table/tbody/tr[1]/td[1]/div/i\"}\n  (Session info: chrome=105.0.5195.127)\nFor documentation on this error, please visit: https://www.seleniumhq.org/exceptions/no_such_element.html\nBuild info: version: '3.141.59', revision: 'e82be7d358', time: '2018-11-14T08:17:03'\nSystem info: host: 'PE-HO-274', ip: '192.168.247.178', os.name: 'Windows 10', os.arch: 'amd64', os.version: '10.0', java.version: '18.0.1.1'\nDriver info: org.openqa.selenium.chrome.ChromeDriver\nCapabilities {acceptInsecureCerts: false, browserName: chrome, browserVersion: 105.0.5195.127, chrome: {chromedriverVersion: 105.0.5195.52 (412c95e51883..., userDataDir: C:\\Users\\CRISTI~1\\AppData\\L...}, goog:chromeOptions: {debuggerAddress: localhost:62178}, javascriptEnabled: true, networkConnectionEnabled: false, pageLoadStrategy: normal, platform: WINDOWS, platformName: WINDOWS, proxy: Proxy(), setWindowRect: true, strictFileInteractability: false, timeouts: {implicit: 0, pageLoad: 300000, script: 30000}, unhandledPromptBehavior: dismiss and notify, webauthn:extension:credBlob: true, webauthn:extension:largeBlob: true, webauthn:virtualAuthenticators: true}\nSession ID: f61a9383c1d1e34f7c88e3dad25a8e9c\n*** Element info: {Using=xpath, value=/html/body/div[1]/main/div/div/div[2]/form/section[3]/div/div/div/table/tbody/tr[1]/td[1]/div/i}","trace":"org.openqa.selenium.NoSuchElementException: no such element: Unable to locate element: {\"method\":\"xpath\",\"selector\":\"/html/body/div[1]/main/div/div/div[2]/form/section[3]/div/div/div/table/tbody/tr[1]/td[1]/div/i\"}\n  (Session info: chrome=105.0.5195.127)\nFor documentation on this error, please visit: https://www.seleniumhq.org/exceptions/no_such_element.html\nBuild info: version: '3.141.59', revision: 'e82be7d358', time: '2018-11-14T08:17:03'\nSystem info: host: 'PE-HO-274', ip: '192.168.247.178', os.name: 'Windows 10', os.arch: 'amd64', os.version: '10.0', java.version: '18.0.1.1'\nDriver info: org.openqa.selenium.chrome.ChromeDriver\nCapabilities {acceptInsecureCerts: false, browserName: chrome, browserVersion: 105.0.5195.127, chrome: {chromedriverVersion: 105.0.5195.52 (412c95e51883..., userDataDir: C:\\Users\\CRISTI~1\\AppData\\L...}, goog:chromeOptions: {debuggerAddress: localhost:62178}, javascriptEnabled: true, networkConnectionEnabled: false, pageLoadStrategy: normal, platform: WINDOWS, platformName: WINDOWS, proxy: Proxy(), setWindowRect: true, strictFileInteractability: false, timeouts: {implicit: 0, pageLoad: 300000, script: 30000}, unhandledPromptBehavior: dismiss and notify, webauthn:extension:credBlob: true, webauthn:extension:largeBlob: true, webauthn:virtualAuthenticators: true}\nSession ID: f61a9383c1d1e34f7c88e3dad25a8e9c\n*** Element info: {Using=xpath, value=/html/body/div[1]/main/div/div/div[2]/form/section[3]/div/div/div/table/tbody/tr[1]/td[1]/div/i}\r\n\tat java.base/jdk.internal.reflect.DirectConstructorHandleAccessor.newInstance(DirectConstructorHandleAccessor.java:67)\r\n\tat java.base/java.lang.reflect.Constructor.newInstanceWithCaller(Constructor.java:499)\r\n\tat java.base/java.lang.reflect.Constructor.newInstance(Constructor.java:483)\r\n\tat org.openqa.selenium.remote.http.W3CHttpResponseCodec.createException(W3CHttpResponseCodec.java:187)\r\n\tat org.openqa.selenium.remote.http.W3CHttpResponseCodec.decode(W3CHttpResponseCodec.java:122)\r\n\tat org.openqa.selenium.remote.http.W3CHttpResponseCodec.decode(W3CHttpResponseCodec.java:49)\r\n\tat org.openqa.selenium.remote.HttpCommandExecutor.execute(HttpCommandExecutor.java:158)\r\n\tat org.openqa.selenium.remote.service.DriverCommandExecutor.execute(DriverCommandExecutor.java:83)\r\n\tat org.openqa.selenium.remote.RemoteWebDriver.execute(RemoteWebDriver.java:552)\r\n\tat org.openqa.selenium.remote.RemoteWebDriver.findElement(RemoteWebDriver.java:323)\r\n\tat org.openqa.selenium.remote.RemoteWebDriver.findElementByXPath(RemoteWebDriver.java:428)\r\n\tat org.openqa.selenium.By$ByXPath.findElement(By.java:353)\r\n\tat org.openqa.selenium.remote.RemoteWebDriver.findElement(RemoteWebDriver.java:315)\r\n\tat PagObject_demoautomatizacion.BasePage.click(BasePage.java:216)\r\n\tat PagObject_AdministracionUsuariosNuevos.BloqueantePage.BloquearUsuario1(BloqueantePage.java:271)\r\n\tat com.AdministracionUsuariosNuevos.test.BloqueantesUETest.FuncionamientoSinBloqueosUE(BloqueantesUETest.java:172)\r\n\tat java.base/jdk.internal.reflect.DirectMethodHandleAccessor.invoke(DirectMethodHandleAccessor.java:104)\r\n\tat java.base/java.lang.reflect.Method.invoke(Method.java:577)\r\n\tat org.testng.internal.MethodInvocationHelper.invokeMethod(MethodInvocationHelper.java:124)\r\n\tat org.testng.internal.Invoker.invokeMethod(Invoker.java:583)\r\n\tat org.testng.internal.Invoker.invokeTestMethod(Invoker.java:719)\r\n\tat org.testng.internal.Invoker.invokeTestMethods(Invoker.java:989)\r\n\tat org.testng.internal.TestMethodWorker.invokeTestMethods(TestMethodWorker.java:125)\r\n\tat org.testng.internal.TestMethodWorker.run(TestMethodWorker.java:109)\r\n\tat org.testng.TestRunner.privateRun(TestRunner.java:648)\r\n\tat org.testng.TestRunner.run(TestRunner.java:505)\r\n\tat org.testng.SuiteRunner.runTest(SuiteRunner.java:455)\r\n\tat org.testng.SuiteRunner.runSequentially(SuiteRunner.java:450)\r\n\tat org.testng.SuiteRunner.privateRun(SuiteRunner.java:415)\r\n\tat org.testng.SuiteRunner.run(SuiteRunner.java:364)\r\n\tat org.testng.SuiteRunnerWorker.runSuite(SuiteRunnerWorker.java:52)\r\n\tat org.testng.SuiteRunnerWorker.run(SuiteRunnerWorker.java:84)\r\n\tat org.testng.TestNG.runSuitesSequentially(TestNG.java:1208)\r\n\tat org.testng.TestNG.runSuitesLocally(TestNG.java:1137)\r\n\tat org.testng.TestNG.runSuites(TestNG.java:1049)\r\n\tat org.testng.TestNG.run(TestNG.java:1017)\r\n\tat org.testng.remote.AbstractRemoteTestNG.run(AbstractRemoteTestNG.java:115)\r\n\tat org.testng.remote.RemoteTestNG.initAndRun(RemoteTestNG.java:251)\r\n\tat org.testng.remote.RemoteTestNG.main(RemoteTestNG.java:77)\r\n"},"stage":"finished","description":"Los que tengan el permiso deben funcionar en todas las opciones normalmente.","steps":[{"name":"Abrir Portal Fedepalma. Url http://172.168.10.46:10091/","status":"passed","stage":"finished","steps":[],"attachments":[],"parameters":[{"name":"url","value":"http://172.168.10.46:10091/"}],"start":1664816406112,"stop":1664816407648},{"name":"Ingresar Credenciales de Acceso","status":"passed","stage":"finished","steps":[],"attachments":[],"parameters":[{"name":"nit","value":"860000006"},{"name":"usr","value":"elsotomonte"},{"name":"pwd","value":"Fedepalma15"},{"name":"folderPath","value":"null"},{"name":"Evidencia","value":"NO"}],"start":1664816407650,"stop":1664816428043},{"name":"Selecionar menu","status":"passed","stage":"finished","steps":[],"attachments":[],"parameters":[{"name":"folderPath","value":"null"},{"name":"Evidencia","value":"NO"}],"start":1664816428045,"stop":1664816447315},{"name":"Selecionar el formulario y el perfil de la lista a bloquear","status":"passed","stage":"finished","steps":[],"attachments":[],"parameters":[{"name":"folderPath","value":"null"},{"name":"Evidencia","value":"NO"}],"start":1664816447316,"stop":1664816467986},{"name":"Bloquear Firma","status":"passed","stage":"finished","steps":[],"attachments":[],"parameters":[{"name":"folderPath","value":"null"},{"name":"Evidencia","value":"NO"}],"start":1664816467987,"stop":1664816480084},{"name":"Selecionar menu","status":"passed","stage":"finished","steps":[],"attachments":[],"parameters":[{"name":"folderPath","value":"null"},{"name":"Evidencia","value":"NO"}],"start":1664816480085,"stop":1664816500932},{"name":"Enviar Correo","status":"passed","stage":"finished","steps":[],"attachments":[],"parameters":[{"name":"folderPath","value":"null"},{"name":"Evidencia","value":"NO"}],"start":1664816500933,"stop":1664816551255},{"name":"Bloquear Usuario","status":"broken","statusDetails":{"known":false,"muted":false,"flaky":false,"message":"no such element: Unable to locate element: {\"method\":\"xpath\",\"selector\":\"/html/body/div[1]/main/div/div/div[2]/form/section[3]/div/div/div/table/tbody/tr[1]/td[1]/div/i\"}\n  (Session info: chrome=105.0.5195.127)\nFor documentation on this error, please visit: https://www.seleniumhq.org/exceptions/no_such_element.html\nBuild info: version: '3.141.59', revision: 'e82be7d358', time: '2018-11-14T08:17:03'\nSystem info: host: 'PE-HO-274', ip: '192.168.247.178', os.name: 'Windows 10', os.arch: 'amd64', os.version: '10.0', java.version: '18.0.1.1'\nDriver info: org.openqa.selenium.chrome.ChromeDriver\nCapabilities {acceptInsecureCerts: false, browserName: chrome, browserVersion: 105.0.5195.127, chrome: {chromedriverVersion: 105.0.5195.52 (412c95e51883..., userDataDir: C:\\Users\\CRISTI~1\\AppData\\L...}, goog:chromeOptions: {debuggerAddress: localhost:62178}, javascriptEnabled: true, networkConnectionEnabled: false, pageLoadStrategy: normal, platform: WINDOWS, platformName: WINDOWS, proxy: Proxy(), setWindowRect: true, strictFileInteractability: false, timeouts: {implicit: 0, pageLoad: 300000, script: 30000}, unhandledPromptBehavior: dismiss and notify, webauthn:extension:credBlob: true, webauthn:extension:largeBlob: true, webauthn:virtualAuthenticators: true}\nSession ID: f61a9383c1d1e34f7c88e3dad25a8e9c\n*** Element info: {Using=xpath, value=/html/body/div[1]/main/div/div/div[2]/form/section[3]/div/div/div/table/tbody/tr[1]/td[1]/div/i}","trace":"org.openqa.selenium.NoSuchElementException: no such element: Unable to locate element: {\"method\":\"xpath\",\"selector\":\"/html/body/div[1]/main/div/div/div[2]/form/section[3]/div/div/div/table/tbody/tr[1]/td[1]/div/i\"}\n  (Session info: chrome=105.0.5195.127)\nFor documentation on this error, please visit: https://www.seleniumhq.org/exceptions/no_such_element.html\nBuild info: version: '3.141.59', revision: 'e82be7d358', time: '2018-11-14T08:17:03'\nSystem info: host: 'PE-HO-274', ip: '192.168.247.178', os.name: 'Windows 10', os.arch: 'amd64', os.version: '10.0', java.version: '18.0.1.1'\nDriver info: org.openqa.selenium.chrome.ChromeDriver\nCapabilities {acceptInsecureCerts: false, browserName: chrome, browserVersion: 105.0.5195.127, chrome: {chromedriverVersion: 105.0.5195.52 (412c95e51883..., userDataDir: C:\\Users\\CRISTI~1\\AppData\\L...}, goog:chromeOptions: {debuggerAddress: localhost:62178}, javascriptEnabled: true, networkConnectionEnabled: false, pageLoadStrategy: normal, platform: WINDOWS, platformName: WINDOWS, proxy: Proxy(), setWindowRect: true, strictFileInteractability: false, timeouts: {implicit: 0, pageLoad: 300000, script: 30000}, unhandledPromptBehavior: dismiss and notify, webauthn:extension:credBlob: true, webauthn:extension:largeBlob: true, webauthn:virtualAuthenticators: true}\nSession ID: f61a9383c1d1e34f7c88e3dad25a8e9c\n*** Element info: {Using=xpath, value=/html/body/div[1]/main/div/div/div[2]/form/section[3]/div/div/div/table/tbody/tr[1]/td[1]/div/i}\r\n\tat java.base/jdk.internal.reflect.DirectConstructorHandleAccessor.newInstance(DirectConstructorHandleAccessor.java:67)\r\n\tat java.base/java.lang.reflect.Constructor.newInstanceWithCaller(Constructor.java:499)\r\n\tat java.base/java.lang.reflect.Constructor.newInstance(Constructor.java:483)\r\n\tat org.openqa.selenium.remote.http.W3CHttpResponseCodec.createException(W3CHttpResponseCodec.java:187)\r\n\tat org.openqa.selenium.remote.http.W3CHttpResponseCodec.decode(W3CHttpResponseCodec.java:122)\r\n\tat org.openqa.selenium.remote.http.W3CHttpResponseCodec.decode(W3CHttpResponseCodec.java:49)\r\n\tat org.openqa.selenium.remote.HttpCommandExecutor.execute(HttpCommandExecutor.java:158)\r\n\tat org.openqa.selenium.remote.service.DriverCommandExecutor.execute(DriverCommandExecutor.java:83)\r\n\tat org.openqa.selenium.remote.RemoteWebDriver.execute(RemoteWebDriver.java:552)\r\n\tat org.openqa.selenium.remote.RemoteWebDriver.findElement(RemoteWebDriver.java:323)\r\n\tat org.openqa.selenium.remote.RemoteWebDriver.findElementByXPath(RemoteWebDriver.java:428)\r\n\tat org.openqa.selenium.By$ByXPath.findElement(By.java:353)\r\n\tat org.openqa.selenium.remote.RemoteWebDriver.findElement(RemoteWebDriver.java:315)\r\n\tat PagObject_demoautomatizacion.BasePage.click(BasePage.java:216)\r\n\tat PagObject_AdministracionUsuariosNuevos.BloqueantePage.BloquearUsuario1(BloqueantePage.java:271)\r\n\tat com.AdministracionUsuariosNuevos.test.BloqueantesUETest.FuncionamientoSinBloqueosUE(BloqueantesUETest.java:172)\r\n\tat java.base/jdk.internal.reflect.DirectMethodHandleAccessor.invoke(DirectMethodHandleAccessor.java:104)\r\n\tat java.base/java.lang.reflect.Method.invoke(Method.java:577)\r\n\tat org.testng.internal.MethodInvocationHelper.invokeMethod(MethodInvocationHelper.java:124)\r\n\tat org.testng.internal.Invoker.invokeMethod(Invoker.java:583)\r\n\tat org.testng.internal.Invoker.invokeTestMethod(Invoker.java:719)\r\n\tat org.testng.internal.Invoker.invokeTestMethods(Invoker.java:989)\r\n\tat org.testng.internal.TestMethodWorker.invokeTestMethods(TestMethodWorker.java:125)\r\n\tat org.testng.internal.TestMethodWorker.run(TestMethodWorker.java:109)\r\n\tat org.testng.TestRunner.privateRun(TestRunner.java:648)\r\n\tat org.testng.TestRunner.run(TestRunner.java:505)\r\n\tat org.testng.SuiteRunner.runTest(SuiteRunner.java:455)\r\n\tat org.testng.SuiteRunner.runSequentially(SuiteRunner.java:450)\r\n\tat org.testng.SuiteRunner.privateRun(SuiteRunner.java:415)\r\n\tat org.testng.SuiteRunner.run(SuiteRunner.java:364)\r\n\tat org.testng.SuiteRunnerWorker.runSuite(SuiteRunnerWorker.java:52)\r\n\tat org.testng.SuiteRunnerWorker.run(SuiteRunnerWorker.java:84)\r\n\tat org.testng.TestNG.runSuitesSequentially(TestNG.java:1208)\r\n\tat org.testng.TestNG.runSuitesLocally(TestNG.java:1137)\r\n\tat org.testng.TestNG.runSuites(TestNG.java:1049)\r\n\tat org.testng.TestNG.run(TestNG.java:1017)\r\n\tat org.testng.remote.AbstractRemoteTestNG.run(AbstractRemoteTestNG.java:115)\r\n\tat org.testng.remote.RemoteTestNG.initAndRun(RemoteTestNG.java:251)\r\n\tat org.testng.remote.RemoteTestNG.main(RemoteTestNG.java:77)\r\n"},"stage":"finished","steps":[],"attachments":[],"parameters":[{"name":"folderPath","value":"null"},{"name":"Evidencia","value":"NO"}],"start":1664816551256,"stop":1664816556322}],"attachments":[{"name":"Error Encontrado","source":"450b90b6-c996-48bb-843d-427df0d7a9c9-attachment","type":"image/png"}],"parameters":[],"start":1664816405922,"stop":1664816556629,"uuid":"7bfc33e5-8128-4cc7-8216-8b2c62c9c5fd","historyId":"f576078765d0a5423a67d37eb4de5918","fullName":"com.AdministracionUsuariosNuevos.test.BloqueantesUETest.FuncionamientoSinBloqueosUE","labels":[{"name":"package","value":"com.AdministracionUsuariosNuevos.test.BloqueantesUETest"},{"name":"testClass","value":"com.AdministracionUsuariosNuevos.test.BloqueantesUETest"},{"name":"testMethod","value":"FuncionamientoSinBloqueosUE"},{"name":"parentSuite","value":"Default suite"},{"name":"suite","value":"Default test"},{"name":"subSuite","value":"com.AdministracionUsuariosNuevos.test.BloqueantesUETest"},{"name":"host","value":"PE-HO-274"},{"name":"thread","value":"19896@PE-HO-274.main(1)"},{"name":"framework","value":"testng"},{"name":"language","value":"java"},{"name":"story","value":"Funcionamiento sin bloqueos"},{"name":"feature","value":"Administracion de Solicuitudes Nuevas Test"},{"name":"epic","value":"Administracion de Solicuitudes Nuevas"},{"name":"severity","value":"normal"}],"links":[{"name":"XRPRJ-1","type":"tms"}]}